[debug] [2020-05-07T16:52:41.149Z] ----------------------------------------------------------------------
[debug] [2020-05-07T16:52:41.151Z] Command:       /Users/ezekielsaturday/.nvm/versions/node/v8.16.2/bin/node /Users/ezekielsaturday/.nvm/versions/node/v8.16.2/bin/firebase emulators:start --only functions
[debug] [2020-05-07T16:52:41.151Z] CLI Version:   8.2.0
[debug] [2020-05-07T16:52:41.151Z] Platform:      darwin
[debug] [2020-05-07T16:52:41.151Z] Node Version:  v8.16.2
[debug] [2020-05-07T16:52:41.152Z] Time:          Thu May 07 2020 17:52:41 GMT+0100 (WAT)
[debug] [2020-05-07T16:52:41.152Z] ----------------------------------------------------------------------
[debug] [2020-05-07T16:52:41.152Z] 
[debug] [2020-05-07T16:52:41.159Z] > command requires scopes: ["email","openid","https://www.googleapis.com/auth/cloudplatformprojects.readonly","https://www.googleapis.com/auth/firebase","https://www.googleapis.com/auth/cloud-platform"]
[debug] [2020-05-07T16:52:41.159Z] > authorizing via signed-in user
[info] i  emulators: Starting emulators: functions
[debug] [2020-05-07T16:52:41.221Z] [hub] writing locator at /var/folders/fp/dfkcdtnx03x2_qs18frh368r0000gp/T/hub-agromall-d819e.json
[info] ✔  hub: emulator hub started at http://localhost:4400
[info] ✔  functions: Using node@8 from host.
[info] ✔  functions: functions emulator started at http://localhost:5001
[info] i  functions: Watching "/Users/ezekielsaturday/Documents/projects/agromall-food-requests/server/dist/functions" for Cloud Functions...
[debug] [2020-05-07T16:52:41.242Z] [worker-pool] addWorker(~diagnostic~) 
[debug] [2020-05-07T16:52:41.242Z] [worker-pool] Adding worker with key ~diagnostic~, total=1 
[debug] [2020-05-07T16:52:41.242Z] [worker-pool] submitWork(triggerId=) 
[debug] [2020-05-07T16:52:41.243Z] [worker-~diagnostic~-879b86db-7ed2-4238-8b17-3e48a057bec8]: Assigning socketPath: /var/folders/fp/dfkcdtnx03x2_qs18frh368r0000gp/T/fire_emu_26736.sock 
[debug] [2020-05-07T16:52:41.243Z] [worker-~diagnostic~-879b86db-7ed2-4238-8b17-3e48a057bec8]: BUSY 
[debug] [2020-05-07T16:52:41.511Z] [runtime-status] [26736] Functions runtime initialized. {"cwd":"/Users/ezekielsaturday/Documents/projects/agromall-food-requests/server/dist/functions","node_version":"8.16.2"} 
[debug] [2020-05-07T16:52:41.512Z] [runtime-status] [26736] Disabled runtime features: undefined 
[debug] [2020-05-07T16:52:41.514Z] [runtime-status] [26736] Resolved module firebase-admin {"declared":true,"installed":true,"version":"8.12.0","resolution":"/Users/ezekielsaturday/Documents/projects/agromall-food-requests/server/node_modules/firebase-admin/lib/index.js"} 
[debug] [2020-05-07T16:52:41.514Z] [runtime-status] [26736] Resolved module firebase-functions {"declared":true,"installed":true,"version":"3.6.1","resolution":"/Users/ezekielsaturday/Documents/projects/agromall-food-requests/server/node_modules/firebase-functions/lib/index.js"} 
[debug] [2020-05-07T16:52:41.518Z] [runtime-status] [26736] Outgoing network have been stubbed. [{"name":"http","status":"mocked"},{"name":"http","status":"mocked"},{"name":"https","status":"mocked"},{"name":"https","status":"mocked"},{"name":"net","status":"mocked"}] 
[debug] [2020-05-07T16:52:41.586Z] [runtime-status] [26736] Checked functions.config() {"config":{}} 
[debug] [2020-05-07T16:52:41.587Z] [runtime-status] [26736] Resolved module firebase-functions {"declared":true,"installed":true,"version":"3.6.1","resolution":"/Users/ezekielsaturday/Documents/projects/agromall-food-requests/server/node_modules/firebase-functions/lib/index.js"} 
[debug] [2020-05-07T16:52:41.587Z] [runtime-status] [26736] Resolved module firebase-admin {"declared":true,"installed":true,"version":"8.12.0","resolution":"/Users/ezekielsaturday/Documents/projects/agromall-food-requests/server/node_modules/firebase-admin/lib/index.js"} 
[debug] [2020-05-07T16:52:41.588Z] [runtime-status] [26736] Resolved module firebase-functions {"declared":true,"installed":true,"version":"3.6.1","resolution":"/Users/ezekielsaturday/Documents/projects/agromall-food-requests/server/node_modules/firebase-functions/lib/index.js"} 
[debug] [2020-05-07T16:52:41.588Z] [runtime-status] [26736] firebase-admin has been stubbed. {"adminResolution":{"declared":true,"installed":true,"version":"8.12.0","resolution":"/Users/ezekielsaturday/Documents/projects/agromall-food-requests/server/node_modules/firebase-admin/lib/index.js"}} 
[info] ✔  functions[api]: http function initialized (http://localhost:5001/agromall-d819e/us-central1/api).
[info] ✔  emulators: All emulators started, it is now safe to connect.
[debug] [2020-05-07T16:52:41.845Z] [worker-~diagnostic~-879b86db-7ed2-4238-8b17-3e48a057bec8]: IDLE 
[debug] [2020-05-07T16:53:30.444Z] File /Users/ezekielsaturday/Documents/projects/agromall-food-requests/server/dist/functions/index.js changed, reloading triggers 
[debug] [2020-05-07T16:53:31.450Z] [worker-pool] Shutting down IDLE worker (~diagnostic~) 
[debug] [2020-05-07T16:53:31.450Z] [worker-~diagnostic~-879b86db-7ed2-4238-8b17-3e48a057bec8]: FINISHING 
[debug] [2020-05-07T16:53:31.460Z] [worker-pool] addWorker(~diagnostic~) 
[debug] [2020-05-07T16:53:31.461Z] [worker-pool] Adding worker with key ~diagnostic~, total=2 
[debug] [2020-05-07T16:53:31.461Z] [worker-pool] submitWork(triggerId=) 
[debug] [2020-05-07T16:53:31.461Z] [worker-~diagnostic~-e7051792-f90f-4b48-af3d-af80a5e4b60a]: Assigning socketPath: /var/folders/fp/dfkcdtnx03x2_qs18frh368r0000gp/T/fire_emu_26790.sock 
[debug] [2020-05-07T16:53:31.462Z] [worker-~diagnostic~-e7051792-f90f-4b48-af3d-af80a5e4b60a]: BUSY 
[debug] [2020-05-07T16:53:31.464Z] [worker-~diagnostic~-879b86db-7ed2-4238-8b17-3e48a057bec8]: exited 
[debug] [2020-05-07T16:53:31.464Z] [worker-~diagnostic~-879b86db-7ed2-4238-8b17-3e48a057bec8]: FINISHED 
[debug] [2020-05-07T16:53:31.740Z] [runtime-status] [26790] Functions runtime initialized. {"cwd":"/Users/ezekielsaturday/Documents/projects/agromall-food-requests/server/dist/functions","node_version":"8.16.2"} 
[debug] [2020-05-07T16:53:31.742Z] [runtime-status] [26790] Disabled runtime features: undefined 
[debug] [2020-05-07T16:53:31.743Z] [runtime-status] [26790] Resolved module firebase-admin {"declared":true,"installed":true,"version":"8.12.0","resolution":"/Users/ezekielsaturday/Documents/projects/agromall-food-requests/server/node_modules/firebase-admin/lib/index.js"} 
[debug] [2020-05-07T16:53:31.744Z] [runtime-status] [26790] Resolved module firebase-functions {"declared":true,"installed":true,"version":"3.6.1","resolution":"/Users/ezekielsaturday/Documents/projects/agromall-food-requests/server/node_modules/firebase-functions/lib/index.js"} 
[debug] [2020-05-07T16:53:31.748Z] [runtime-status] [26790] Outgoing network have been stubbed. [{"name":"http","status":"mocked"},{"name":"http","status":"mocked"},{"name":"https","status":"mocked"},{"name":"https","status":"mocked"},{"name":"net","status":"mocked"}] 
[debug] [2020-05-07T16:53:31.783Z] [runtime-status] [26790] Checked functions.config() {"config":{}} 
[debug] [2020-05-07T16:53:31.784Z] [runtime-status] [26790] Resolved module firebase-functions {"declared":true,"installed":true,"version":"3.6.1","resolution":"/Users/ezekielsaturday/Documents/projects/agromall-food-requests/server/node_modules/firebase-functions/lib/index.js"} 
[debug] [2020-05-07T16:53:31.785Z] [runtime-status] [26790] Resolved module firebase-admin {"declared":true,"installed":true,"version":"8.12.0","resolution":"/Users/ezekielsaturday/Documents/projects/agromall-food-requests/server/node_modules/firebase-admin/lib/index.js"} 
[debug] [2020-05-07T16:53:31.785Z] [runtime-status] [26790] Resolved module firebase-functions {"declared":true,"installed":true,"version":"3.6.1","resolution":"/Users/ezekielsaturday/Documents/projects/agromall-food-requests/server/node_modules/firebase-functions/lib/index.js"} 
[debug] [2020-05-07T16:53:31.785Z] [runtime-status] [26790] firebase-admin has been stubbed. {"adminResolution":{"declared":true,"installed":true,"version":"8.12.0","resolution":"/Users/ezekielsaturday/Documents/projects/agromall-food-requests/server/node_modules/firebase-admin/lib/index.js"}} 
[debug] [2020-05-07T16:53:31.862Z] [worker-~diagnostic~-e7051792-f90f-4b48-af3d-af80a5e4b60a]: IDLE 
[debug] [2020-05-07T16:55:05.194Z] File /Users/ezekielsaturday/Documents/projects/agromall-food-requests/server/dist/functions/crud.js changed, reloading triggers 
[debug] [2020-05-07T16:55:06.194Z] [worker-pool] Shutting down IDLE worker (~diagnostic~) 
[debug] [2020-05-07T16:55:06.194Z] [worker-~diagnostic~-e7051792-f90f-4b48-af3d-af80a5e4b60a]: FINISHING 
[debug] [2020-05-07T16:55:06.195Z] [worker-pool] Cleaned up workers for ~diagnostic~: 2 --> 1 
[debug] [2020-05-07T16:55:06.199Z] [worker-pool] addWorker(~diagnostic~) 
[debug] [2020-05-07T16:55:06.199Z] [worker-pool] Adding worker with key ~diagnostic~, total=2 
[debug] [2020-05-07T16:55:06.199Z] [worker-pool] submitWork(triggerId=) 
[debug] [2020-05-07T16:55:06.200Z] [worker-~diagnostic~-632fcf2a-c1ac-4602-9507-7b33e86810ec]: Assigning socketPath: /var/folders/fp/dfkcdtnx03x2_qs18frh368r0000gp/T/fire_emu_26820.sock 
[debug] [2020-05-07T16:55:06.200Z] [worker-~diagnostic~-632fcf2a-c1ac-4602-9507-7b33e86810ec]: BUSY 
[debug] [2020-05-07T16:55:06.201Z] [worker-~diagnostic~-e7051792-f90f-4b48-af3d-af80a5e4b60a]: exited 
[debug] [2020-05-07T16:55:06.201Z] [worker-~diagnostic~-e7051792-f90f-4b48-af3d-af80a5e4b60a]: FINISHED 
[debug] [2020-05-07T16:55:06.743Z] [runtime-status] [26820] Functions runtime initialized. {"cwd":"/Users/ezekielsaturday/Documents/projects/agromall-food-requests/server/dist/functions","node_version":"8.16.2"} 
[debug] [2020-05-07T16:55:06.745Z] [runtime-status] [26820] Disabled runtime features: undefined 
[debug] [2020-05-07T16:55:06.748Z] [runtime-status] [26820] Resolved module firebase-admin {"declared":true,"installed":true,"version":"8.12.0","resolution":"/Users/ezekielsaturday/Documents/projects/agromall-food-requests/server/node_modules/firebase-admin/lib/index.js"} 
[debug] [2020-05-07T16:55:06.749Z] [runtime-status] [26820] Resolved module firebase-functions {"declared":true,"installed":true,"version":"3.6.1","resolution":"/Users/ezekielsaturday/Documents/projects/agromall-food-requests/server/node_modules/firebase-functions/lib/index.js"} 
[debug] [2020-05-07T16:55:06.754Z] [runtime-status] [26820] Outgoing network have been stubbed. [{"name":"http","status":"mocked"},{"name":"http","status":"mocked"},{"name":"https","status":"mocked"},{"name":"https","status":"mocked"},{"name":"net","status":"mocked"}] 
[debug] [2020-05-07T16:55:06.830Z] [runtime-status] [26820] Checked functions.config() {"config":{}} 
[debug] [2020-05-07T16:55:06.831Z] [runtime-status] [26820] Resolved module firebase-functions {"declared":true,"installed":true,"version":"3.6.1","resolution":"/Users/ezekielsaturday/Documents/projects/agromall-food-requests/server/node_modules/firebase-functions/lib/index.js"} 
[debug] [2020-05-07T16:55:06.833Z] [runtime-status] [26820] Resolved module firebase-admin {"declared":true,"installed":true,"version":"8.12.0","resolution":"/Users/ezekielsaturday/Documents/projects/agromall-food-requests/server/node_modules/firebase-admin/lib/index.js"} 
[debug] [2020-05-07T16:55:06.833Z] [runtime-status] [26820] Resolved module firebase-functions {"declared":true,"installed":true,"version":"3.6.1","resolution":"/Users/ezekielsaturday/Documents/projects/agromall-food-requests/server/node_modules/firebase-functions/lib/index.js"} 
[debug] [2020-05-07T16:55:06.833Z] [runtime-status] [26820] firebase-admin has been stubbed. {"adminResolution":{"declared":true,"installed":true,"version":"8.12.0","resolution":"/Users/ezekielsaturday/Documents/projects/agromall-food-requests/server/node_modules/firebase-admin/lib/index.js"}} 
[debug] [2020-05-07T16:55:06.983Z] [worker-~diagnostic~-632fcf2a-c1ac-4602-9507-7b33e86810ec]: IDLE 
[debug] [2020-05-07T17:08:22.791Z] File /Users/ezekielsaturday/Documents/projects/agromall-food-requests/server/dist/functions/index.js changed, reloading triggers 
[debug] [2020-05-07T17:08:23.798Z] [worker-pool] Shutting down IDLE worker (~diagnostic~) 
[debug] [2020-05-07T17:08:23.799Z] [worker-~diagnostic~-632fcf2a-c1ac-4602-9507-7b33e86810ec]: FINISHING 
[debug] [2020-05-07T17:08:23.799Z] [worker-pool] Cleaned up workers for ~diagnostic~: 2 --> 1 
[debug] [2020-05-07T17:08:23.808Z] [worker-pool] addWorker(~diagnostic~) 
[debug] [2020-05-07T17:08:23.808Z] [worker-pool] Adding worker with key ~diagnostic~, total=2 
[debug] [2020-05-07T17:08:23.808Z] [worker-pool] submitWork(triggerId=) 
[debug] [2020-05-07T17:08:23.809Z] [worker-~diagnostic~-42982285-1cdd-490f-b087-8a6c3f70c76f]: Assigning socketPath: /var/folders/fp/dfkcdtnx03x2_qs18frh368r0000gp/T/fire_emu_27492.sock 
[debug] [2020-05-07T17:08:23.809Z] [worker-~diagnostic~-42982285-1cdd-490f-b087-8a6c3f70c76f]: BUSY 
[debug] [2020-05-07T17:08:23.811Z] [worker-~diagnostic~-632fcf2a-c1ac-4602-9507-7b33e86810ec]: exited 
[debug] [2020-05-07T17:08:23.811Z] [worker-~diagnostic~-632fcf2a-c1ac-4602-9507-7b33e86810ec]: FINISHED 
[debug] [2020-05-07T17:08:24.573Z] [runtime-status] [27492] Functions runtime initialized. {"cwd":"/Users/ezekielsaturday/Documents/projects/agromall-food-requests/server/dist/functions","node_version":"8.16.2"} 
[debug] [2020-05-07T17:08:24.575Z] [runtime-status] [27492] Disabled runtime features: undefined 
[debug] [2020-05-07T17:08:24.580Z] [runtime-status] [27492] Resolved module firebase-admin {"declared":true,"installed":true,"version":"8.12.0","resolution":"/Users/ezekielsaturday/Documents/projects/agromall-food-requests/server/node_modules/firebase-admin/lib/index.js"} 
[debug] [2020-05-07T17:08:24.582Z] [runtime-status] [27492] Resolved module firebase-functions {"declared":true,"installed":true,"version":"3.6.1","resolution":"/Users/ezekielsaturday/Documents/projects/agromall-food-requests/server/node_modules/firebase-functions/lib/index.js"} 
[debug] [2020-05-07T17:08:24.587Z] [runtime-status] [27492] Outgoing network have been stubbed. [{"name":"http","status":"mocked"},{"name":"http","status":"mocked"},{"name":"https","status":"mocked"},{"name":"https","status":"mocked"},{"name":"net","status":"mocked"}] 
[debug] [2020-05-07T17:08:24.657Z] [runtime-status] [27492] Checked functions.config() {"config":{}} 
[debug] [2020-05-07T17:08:24.658Z] [runtime-status] [27492] Resolved module firebase-functions {"declared":true,"installed":true,"version":"3.6.1","resolution":"/Users/ezekielsaturday/Documents/projects/agromall-food-requests/server/node_modules/firebase-functions/lib/index.js"} 
[debug] [2020-05-07T17:08:24.659Z] [runtime-status] [27492] Resolved module firebase-admin {"declared":true,"installed":true,"version":"8.12.0","resolution":"/Users/ezekielsaturday/Documents/projects/agromall-food-requests/server/node_modules/firebase-admin/lib/index.js"} 
[debug] [2020-05-07T17:08:24.659Z] [runtime-status] [27492] Resolved module firebase-functions {"declared":true,"installed":true,"version":"3.6.1","resolution":"/Users/ezekielsaturday/Documents/projects/agromall-food-requests/server/node_modules/firebase-functions/lib/index.js"} 
[debug] [2020-05-07T17:08:24.660Z] [runtime-status] [27492] firebase-admin has been stubbed. {"adminResolution":{"declared":true,"installed":true,"version":"8.12.0","resolution":"/Users/ezekielsaturday/Documents/projects/agromall-food-requests/server/node_modules/firebase-admin/lib/index.js"}} 
[warn] ⚠  Error: Cannot find module './authentication'
    at Function.Module._resolveFilename (module.js:548:15)
    at Function.Module._load (module.js:475:25)
    at Module.require (module.js:597:17)
    at require (internal/module.js:11:18)
    at Object.<anonymous> (/Users/ezekielsaturday/Documents/projects/agromall-food-requests/server/dist/functions/index.js:11:46)
    at Module._compile (module.js:653:30)
    at Object.Module._extensions..js (module.js:664:10)
    at Module.load (module.js:566:32)
    at tryModuleLoad (module.js:506:12)
    at Function.Module._load (module.js:498:3)
[warn] ⚠  We were unable to load your functions code. (see above)
[debug] [2020-05-07T17:08:24.862Z] [worker-~diagnostic~-42982285-1cdd-490f-b087-8a6c3f70c76f]: exited 
[debug] [2020-05-07T17:08:24.862Z] [worker-~diagnostic~-42982285-1cdd-490f-b087-8a6c3f70c76f]: FINISHED 
[debug] [2020-05-07T17:08:27.019Z] File /Users/ezekielsaturday/Documents/projects/agromall-food-requests/server/dist/functions/index.js changed, reloading triggers 
[debug] [2020-05-07T17:08:28.023Z] [worker-pool] Cleaned up workers for ~diagnostic~: 2 --> 0 
[debug] [2020-05-07T17:08:28.030Z] [worker-pool] addWorker(~diagnostic~) 
[debug] [2020-05-07T17:08:28.030Z] [worker-pool] Adding worker with key ~diagnostic~, total=1 
[debug] [2020-05-07T17:08:28.031Z] [worker-pool] submitWork(triggerId=) 
[debug] [2020-05-07T17:08:28.031Z] [worker-~diagnostic~-721b3713-99ba-49c0-b940-caab5fa69afb]: Assigning socketPath: /var/folders/fp/dfkcdtnx03x2_qs18frh368r0000gp/T/fire_emu_27500.sock 
[debug] [2020-05-07T17:08:28.031Z] [worker-~diagnostic~-721b3713-99ba-49c0-b940-caab5fa69afb]: BUSY 
[debug] [2020-05-07T17:08:28.306Z] [runtime-status] [27500] Functions runtime initialized. {"cwd":"/Users/ezekielsaturday/Documents/projects/agromall-food-requests/server/dist/functions","node_version":"8.16.2"} 
[debug] [2020-05-07T17:08:28.307Z] [runtime-status] [27500] Disabled runtime features: undefined 
[debug] [2020-05-07T17:08:28.309Z] [runtime-status] [27500] Resolved module firebase-admin {"declared":true,"installed":true,"version":"8.12.0","resolution":"/Users/ezekielsaturday/Documents/projects/agromall-food-requests/server/node_modules/firebase-admin/lib/index.js"} 
[debug] [2020-05-07T17:08:28.310Z] [runtime-status] [27500] Resolved module firebase-functions {"declared":true,"installed":true,"version":"3.6.1","resolution":"/Users/ezekielsaturday/Documents/projects/agromall-food-requests/server/node_modules/firebase-functions/lib/index.js"} 
[debug] [2020-05-07T17:08:28.314Z] [runtime-status] [27500] Outgoing network have been stubbed. [{"name":"http","status":"mocked"},{"name":"http","status":"mocked"},{"name":"https","status":"mocked"},{"name":"https","status":"mocked"},{"name":"net","status":"mocked"}] 
[debug] [2020-05-07T17:08:28.348Z] [runtime-status] [27500] Checked functions.config() {"config":{}} 
[debug] [2020-05-07T17:08:28.349Z] [runtime-status] [27500] Resolved module firebase-functions {"declared":true,"installed":true,"version":"3.6.1","resolution":"/Users/ezekielsaturday/Documents/projects/agromall-food-requests/server/node_modules/firebase-functions/lib/index.js"} 
[debug] [2020-05-07T17:08:28.349Z] [runtime-status] [27500] Resolved module firebase-admin {"declared":true,"installed":true,"version":"8.12.0","resolution":"/Users/ezekielsaturday/Documents/projects/agromall-food-requests/server/node_modules/firebase-admin/lib/index.js"} 
[debug] [2020-05-07T17:08:28.349Z] [runtime-status] [27500] Resolved module firebase-functions {"declared":true,"installed":true,"version":"3.6.1","resolution":"/Users/ezekielsaturday/Documents/projects/agromall-food-requests/server/node_modules/firebase-functions/lib/index.js"} 
[debug] [2020-05-07T17:08:28.350Z] [runtime-status] [27500] firebase-admin has been stubbed. {"adminResolution":{"declared":true,"installed":true,"version":"8.12.0","resolution":"/Users/ezekielsaturday/Documents/projects/agromall-food-requests/server/node_modules/firebase-admin/lib/index.js"}} 
[warn] ⚠  Error: Cannot find module './authentication'
    at Function.Module._resolveFilename (module.js:548:15)
    at Function.Module._load (module.js:475:25)
    at Module.require (module.js:597:17)
    at require (internal/module.js:11:18)
    at Object.<anonymous> (/Users/ezekielsaturday/Documents/projects/agromall-food-requests/server/dist/functions/index.js:11:46)
    at Module._compile (module.js:653:30)
    at Object.Module._extensions..js (module.js:664:10)
    at Module.load (module.js:566:32)
    at tryModuleLoad (module.js:506:12)
    at Function.Module._load (module.js:498:3)
[warn] ⚠  We were unable to load your functions code. (see above)
[debug] [2020-05-07T17:08:28.441Z] [worker-~diagnostic~-721b3713-99ba-49c0-b940-caab5fa69afb]: exited 
[debug] [2020-05-07T17:08:28.442Z] [worker-~diagnostic~-721b3713-99ba-49c0-b940-caab5fa69afb]: FINISHED 
[debug] [2020-05-07T17:10:45.355Z] File /Users/ezekielsaturday/Documents/projects/agromall-food-requests/server/dist/functions/index.js changed, reloading triggers 
[debug] [2020-05-07T17:10:46.357Z] [worker-pool] Cleaned up workers for ~diagnostic~: 1 --> 0 
[debug] [2020-05-07T17:10:46.360Z] [worker-pool] addWorker(~diagnostic~) 
[debug] [2020-05-07T17:10:46.360Z] [worker-pool] Adding worker with key ~diagnostic~, total=1 
[debug] [2020-05-07T17:10:46.360Z] [worker-pool] submitWork(triggerId=) 
[debug] [2020-05-07T17:10:46.360Z] [worker-~diagnostic~-7b5e6134-4115-42b2-bcb5-a767f01a73e5]: Assigning socketPath: /var/folders/fp/dfkcdtnx03x2_qs18frh368r0000gp/T/fire_emu_27561.sock 
[debug] [2020-05-07T17:10:46.360Z] [worker-~diagnostic~-7b5e6134-4115-42b2-bcb5-a767f01a73e5]: BUSY 
[debug] [2020-05-07T17:10:46.894Z] [runtime-status] [27561] Functions runtime initialized. {"cwd":"/Users/ezekielsaturday/Documents/projects/agromall-food-requests/server/dist/functions","node_version":"8.16.2"} 
[debug] [2020-05-07T17:10:46.898Z] [runtime-status] [27561] Disabled runtime features: undefined 
[debug] [2020-05-07T17:10:46.901Z] [runtime-status] [27561] Resolved module firebase-admin {"declared":true,"installed":true,"version":"8.12.0","resolution":"/Users/ezekielsaturday/Documents/projects/agromall-food-requests/server/node_modules/firebase-admin/lib/index.js"} 
[debug] [2020-05-07T17:10:46.904Z] [runtime-status] [27561] Resolved module firebase-functions {"declared":true,"installed":true,"version":"3.6.1","resolution":"/Users/ezekielsaturday/Documents/projects/agromall-food-requests/server/node_modules/firebase-functions/lib/index.js"} 
[debug] [2020-05-07T17:10:46.912Z] [runtime-status] [27561] Outgoing network have been stubbed. [{"name":"http","status":"mocked"},{"name":"http","status":"mocked"},{"name":"https","status":"mocked"},{"name":"https","status":"mocked"},{"name":"net","status":"mocked"}] 
[debug] [2020-05-07T17:10:46.978Z] [runtime-status] [27561] Checked functions.config() {"config":{}} 
[debug] [2020-05-07T17:10:46.979Z] [runtime-status] [27561] Resolved module firebase-functions {"declared":true,"installed":true,"version":"3.6.1","resolution":"/Users/ezekielsaturday/Documents/projects/agromall-food-requests/server/node_modules/firebase-functions/lib/index.js"} 
[debug] [2020-05-07T17:10:46.980Z] [runtime-status] [27561] Resolved module firebase-admin {"declared":true,"installed":true,"version":"8.12.0","resolution":"/Users/ezekielsaturday/Documents/projects/agromall-food-requests/server/node_modules/firebase-admin/lib/index.js"} 
[debug] [2020-05-07T17:10:46.980Z] [runtime-status] [27561] Resolved module firebase-functions {"declared":true,"installed":true,"version":"3.6.1","resolution":"/Users/ezekielsaturday/Documents/projects/agromall-food-requests/server/node_modules/firebase-functions/lib/index.js"} 
[debug] [2020-05-07T17:10:46.980Z] [runtime-status] [27561] firebase-admin has been stubbed. {"adminResolution":{"declared":true,"installed":true,"version":"8.12.0","resolution":"/Users/ezekielsaturday/Documents/projects/agromall-food-requests/server/node_modules/firebase-admin/lib/index.js"}} 
[warn] ⚠  Error: Cannot find module './authentication'
    at Function.Module._resolveFilename (module.js:548:15)
    at Function.Module._load (module.js:475:25)
    at Module.require (module.js:597:17)
    at require (internal/module.js:11:18)
    at Object.<anonymous> (/Users/ezekielsaturday/Documents/projects/agromall-food-requests/server/dist/functions/index.js:11:46)
    at Module._compile (module.js:653:30)
    at Object.Module._extensions..js (module.js:664:10)
    at Module.load (module.js:566:32)
    at tryModuleLoad (module.js:506:12)
    at Function.Module._load (module.js:498:3)
[warn] ⚠  We were unable to load your functions code. (see above)
[debug] [2020-05-07T17:10:47.172Z] [worker-~diagnostic~-7b5e6134-4115-42b2-bcb5-a767f01a73e5]: exited 
[debug] [2020-05-07T17:10:47.172Z] [worker-~diagnostic~-7b5e6134-4115-42b2-bcb5-a767f01a73e5]: FINISHED 
[debug] [2020-05-07T17:10:58.990Z] File /Users/ezekielsaturday/Documents/projects/agromall-food-requests/server/dist/functions/index.js changed, reloading triggers 
[debug] [2020-05-07T17:10:59.994Z] [worker-pool] Cleaned up workers for ~diagnostic~: 1 --> 0 
[debug] [2020-05-07T17:11:00.000Z] [worker-pool] addWorker(~diagnostic~) 
[debug] [2020-05-07T17:11:00.000Z] [worker-pool] Adding worker with key ~diagnostic~, total=1 
[debug] [2020-05-07T17:11:00.000Z] [worker-pool] submitWork(triggerId=) 
[debug] [2020-05-07T17:11:00.001Z] [worker-~diagnostic~-aa0f3d46-0282-482c-8c3a-a8e5935fe52f]: Assigning socketPath: /var/folders/fp/dfkcdtnx03x2_qs18frh368r0000gp/T/fire_emu_27567.sock 
[debug] [2020-05-07T17:11:00.001Z] [worker-~diagnostic~-aa0f3d46-0282-482c-8c3a-a8e5935fe52f]: BUSY 
[debug] [2020-05-07T17:11:00.276Z] [runtime-status] [27567] Functions runtime initialized. {"cwd":"/Users/ezekielsaturday/Documents/projects/agromall-food-requests/server/dist/functions","node_version":"8.16.2"} 
[debug] [2020-05-07T17:11:00.278Z] [runtime-status] [27567] Disabled runtime features: undefined 
[debug] [2020-05-07T17:11:00.279Z] [runtime-status] [27567] Resolved module firebase-admin {"declared":true,"installed":true,"version":"8.12.0","resolution":"/Users/ezekielsaturday/Documents/projects/agromall-food-requests/server/node_modules/firebase-admin/lib/index.js"} 
[debug] [2020-05-07T17:11:00.280Z] [runtime-status] [27567] Resolved module firebase-functions {"declared":true,"installed":true,"version":"3.6.1","resolution":"/Users/ezekielsaturday/Documents/projects/agromall-food-requests/server/node_modules/firebase-functions/lib/index.js"} 
[debug] [2020-05-07T17:11:00.284Z] [runtime-status] [27567] Outgoing network have been stubbed. [{"name":"http","status":"mocked"},{"name":"http","status":"mocked"},{"name":"https","status":"mocked"},{"name":"https","status":"mocked"},{"name":"net","status":"mocked"}] 
[debug] [2020-05-07T17:11:00.320Z] [runtime-status] [27567] Checked functions.config() {"config":{}} 
[debug] [2020-05-07T17:11:00.321Z] [runtime-status] [27567] Resolved module firebase-functions {"declared":true,"installed":true,"version":"3.6.1","resolution":"/Users/ezekielsaturday/Documents/projects/agromall-food-requests/server/node_modules/firebase-functions/lib/index.js"} 
[debug] [2020-05-07T17:11:00.321Z] [runtime-status] [27567] Resolved module firebase-admin {"declared":true,"installed":true,"version":"8.12.0","resolution":"/Users/ezekielsaturday/Documents/projects/agromall-food-requests/server/node_modules/firebase-admin/lib/index.js"} 
[debug] [2020-05-07T17:11:00.322Z] [runtime-status] [27567] Resolved module firebase-functions {"declared":true,"installed":true,"version":"3.6.1","resolution":"/Users/ezekielsaturday/Documents/projects/agromall-food-requests/server/node_modules/firebase-functions/lib/index.js"} 
[debug] [2020-05-07T17:11:00.322Z] [runtime-status] [27567] firebase-admin has been stubbed. {"adminResolution":{"declared":true,"installed":true,"version":"8.12.0","resolution":"/Users/ezekielsaturday/Documents/projects/agromall-food-requests/server/node_modules/firebase-admin/lib/index.js"}} 
[warn] ⚠  Error: Cannot find module './authentication'
    at Function.Module._resolveFilename (module.js:548:15)
    at Function.Module._load (module.js:475:25)
    at Module.require (module.js:597:17)
    at require (internal/module.js:11:18)
    at Object.<anonymous> (/Users/ezekielsaturday/Documents/projects/agromall-food-requests/server/dist/functions/index.js:11:46)
    at Module._compile (module.js:653:30)
    at Object.Module._extensions..js (module.js:664:10)
    at Module.load (module.js:566:32)
    at tryModuleLoad (module.js:506:12)
    at Function.Module._load (module.js:498:3)
[warn] ⚠  We were unable to load your functions code. (see above)
[debug] [2020-05-07T17:11:00.412Z] [worker-~diagnostic~-aa0f3d46-0282-482c-8c3a-a8e5935fe52f]: exited 
[debug] [2020-05-07T17:11:00.413Z] [worker-~diagnostic~-aa0f3d46-0282-482c-8c3a-a8e5935fe52f]: FINISHED 
